app/build/intermediates/manifest_merge_blame_file/debug/manifest-merger-blame-debug-report.txt
1<?xml version="1.0" encoding="utf-8"?>
2<manifest xmlns:android="http://schemas.android.com/apk/res/android"
3    package="b.en.evidence"
4    android:versionCode="1"
5    android:versionName="1.0" >
6
7    <uses-sdk
8        android:minSdkVersion="29"
8-->src/main/AndroidManifest.xml
9        android:targetSdkVersion="30" />
9-->src/main/AndroidManifest.xml
10
11    <uses-permission android:name="android.permission.USE_BIOMETRIC" />
11-->src/main/AndroidManifest.xml:5:5-72
11-->src/main/AndroidManifest.xml:5:22-69
12    <uses-permission android:name="android.permission.USE_FINGERPRINT" />
12-->[androidx.biometric:biometric:1.0.1] AndroidManifest.xml:25:5-74
12-->[androidx.biometric:biometric:1.0.1] AndroidManifest.xml:25:22-71
13
14    <application
14-->src/main/AndroidManifest.xml:6:5-33:19
15        android:allowBackup="true"
15-->src/main/AndroidManifest.xml:7:9-35
16        android:appComponentFactory="androidx.core.app.CoreComponentFactory"
16-->[androidx.core:core:1.1.0] AndroidManifest.xml:24:18-86
17        android:debuggable="true"
18        android:extractNativeLibs="false"
19        android:icon="@drawable/icon_round"
19-->src/main/AndroidManifest.xml:8:9-44
20        android:label="@string/app_name"
20-->src/main/AndroidManifest.xml:9:9-41
21        android:roundIcon="@drawable/icon_round"
21-->src/main/AndroidManifest.xml:10:9-49
22        android:supportsRtl="true"
22-->src/main/AndroidManifest.xml:11:9-35
23        android:theme="@style/AppTheme" >
23-->src/main/AndroidManifest.xml:12:9-40
24        <receiver android:name="b.en.evidence.RecordEvidenceWidget" >
24-->src/main/AndroidManifest.xml:14:9-22:20
24-->src/main/AndroidManifest.xml:14:19-55
25            <intent-filter>
25-->src/main/AndroidManifest.xml:15:13-17:29
26                <action android:name="android.appwidget.action.APPWIDGET_UPDATE" />
26-->src/main/AndroidManifest.xml:16:17-84
26-->src/main/AndroidManifest.xml:16:25-81
27            </intent-filter>
28
29            <meta-data
29-->src/main/AndroidManifest.xml:19:13-21:71
30                android:name="android.appwidget.provider"
30-->src/main/AndroidManifest.xml:20:17-58
31                android:resource="@xml/record_evidence_widget_info" />
31-->src/main/AndroidManifest.xml:21:17-68
32        </receiver>
33
34        <activity
34-->src/main/AndroidManifest.xml:24:9-32:20
35            android:name="b.en.evidence.ActivityEntrypoint"
35-->src/main/AndroidManifest.xml:25:13-47
36            android:label="@string/app_name" >
36-->src/main/AndroidManifest.xml:26:13-45
37            <intent-filter>
37-->src/main/AndroidManifest.xml:27:13-31:29
38                <action android:name="android.intent.action.MAIN" />
38-->src/main/AndroidManifest.xml:28:17-69
38-->src/main/AndroidManifest.xml:28:25-66
39
40                <category android:name="android.intent.category.LAUNCHER" />
40-->src/main/AndroidManifest.xml:30:17-77
40-->src/main/AndroidManifest.xml:30:27-74
41            </intent-filter>
42        </activity>
43        <activity
43-->[androidx.biometric:biometric:1.0.1] AndroidManifest.xml:28:9-31:67
44            android:name="androidx.biometric.DeviceCredentialHandlerActivity"
44-->[androidx.biometric:biometric:1.0.1] AndroidManifest.xml:29:13-78
45            android:exported="true"
45-->[androidx.biometric:biometric:1.0.1] AndroidManifest.xml:30:13-36
46            android:theme="@style/DeviceCredentialHandlerTheme" />
46-->[androidx.biometric:biometric:1.0.1] AndroidManifest.xml:31:13-64
47
48        <provider
48-->[androidx.lifecycle:lifecycle-process:2.0.0] AndroidManifest.xml:23:9-27:43
49            android:name="androidx.lifecycle.ProcessLifecycleOwnerInitializer"
49-->[androidx.lifecycle:lifecycle-process:2.0.0] AndroidManifest.xml:24:13-79
50            android:authorities="b.en.evidence.lifecycle-process"
50-->[androidx.lifecycle:lifecycle-process:2.0.0] AndroidManifest.xml:25:13-69
51            android:exported="false"
51-->[androidx.lifecycle:lifecycle-process:2.0.0] AndroidManifest.xml:26:13-37
52            android:multiprocess="true" />
52-->[androidx.lifecycle:lifecycle-process:2.0.0] AndroidManifest.xml:27:13-40
53    </application>
54
55</manifest>